TN:
SF:src/handler.mjs
FN:37,isBot
FN:40,(anonymous_1)
FN:43,isPageRequest
FN:52,parseTsvLines
FN:72,processLogFile
FN:101,handler
FN:124,(anonymous_6)
FN:145,(anonymous_7)
FN:148,(anonymous_8)
FN:151,(anonymous_9)
FN:152,(anonymous_10)
FN:179,(anonymous_11)
FN:180,(anonymous_12)
FNF:13
FNH:13
FNDA:34,isBot
FNDA:133,(anonymous_1)
FNDA:21,isPageRequest
FNDA:7,parseTsvLines
FNDA:3,processLogFile
FNDA:8,handler
FNDA:3,(anonymous_6)
FNDA:248,(anonymous_7)
FNDA:2,(anonymous_8)
FNDA:4,(anonymous_9)
FNDA:4,(anonymous_10)
FNDA:248,(anonymous_11)
FNDA:2,(anonymous_12)
DA:5,2
DA:6,2
DA:8,2
DA:9,2
DA:10,2
DA:11,2
DA:12,2
DA:13,2
DA:14,2
DA:16,2
DA:28,2
DA:31,2
DA:33,2
DA:35,2
DA:38,34
DA:39,32
DA:40,133
DA:44,21
DA:45,20
DA:46,18
DA:47,15
DA:48,13
DA:49,10
DA:53,7
DA:54,7
DA:55,7
DA:56,28
DA:57,27
DA:58,6
DA:59,6
DA:61,21
DA:62,16
DA:63,15
DA:64,15
DA:65,14
DA:66,98
DA:67,14
DA:69,7
DA:73,3
DA:74,2
DA:77,2
DA:78,2
DA:80,1
DA:83,2
DA:84,10
DA:85,10
DA:86,10
DA:87,10
DA:88,10
DA:89,10
DA:91,10
DA:92,8
DA:93,8
DA:95,6
DA:96,6
DA:97,6
DA:102,8
DA:103,8
DA:104,8
DA:105,8
DA:106,8
DA:108,8
DA:109,8
DA:110,8
DA:111,8
DA:112,6
DA:113,6
DA:114,5
DA:115,5
DA:116,3
DA:120,8
DA:121,8
DA:123,8
DA:124,8
DA:125,8
DA:126,3
DA:127,2
DA:129,1
DA:132,8
DA:134,8
DA:135,8
DA:136,8
DA:137,248
DA:138,248
DA:141,8
DA:142,8
DA:145,248
DA:148,8
DA:149,8
DA:151,4
DA:152,4
DA:155,8
DA:156,16
DA:166,8
DA:177,8
DA:179,248
DA:180,2
DA:184,8
DA:185,8
LF:99
LH:99
BRDA:9,0,0,2
BRDA:9,0,1,2
BRDA:38,1,0,2
BRDA:38,1,1,32
BRDA:38,2,0,34
BRDA:38,2,1,33
BRDA:44,3,0,1
BRDA:44,3,1,20
BRDA:45,4,0,2
BRDA:45,4,1,18
BRDA:45,5,0,20
BRDA:45,5,1,3
BRDA:46,6,0,3
BRDA:46,6,1,15
BRDA:47,7,0,2
BRDA:47,7,1,13
BRDA:48,8,0,3
BRDA:48,8,1,10
BRDA:56,9,0,1
BRDA:56,9,1,27
BRDA:57,10,0,6
BRDA:57,10,1,21
BRDA:61,11,0,5
BRDA:61,11,1,16
BRDA:62,12,0,1
BRDA:62,12,1,15
BRDA:64,13,0,1
BRDA:64,13,1,14
BRDA:84,14,0,10
BRDA:84,14,1,0
BRDA:85,15,0,10
BRDA:85,15,1,0
BRDA:86,16,0,10
BRDA:86,16,1,0
BRDA:87,17,0,10
BRDA:87,17,1,0
BRDA:88,18,0,10
BRDA:88,18,1,0
BRDA:89,19,0,10
BRDA:89,19,1,0
BRDA:91,20,0,2
BRDA:91,20,1,8
BRDA:92,21,0,0
BRDA:92,21,1,8
BRDA:93,22,0,2
BRDA:93,22,1,6
BRDA:93,23,0,8
BRDA:93,23,1,8
BRDA:95,24,0,2
BRDA:95,24,1,4
BRDA:97,25,0,6
BRDA:97,25,1,4
BRDA:111,26,0,8
BRDA:111,26,1,1
BRDA:113,27,0,1
BRDA:113,27,1,5
BRDA:115,28,0,2
BRDA:115,28,1,3
BRDA:115,29,0,5
BRDA:115,29,1,4
BRDA:126,30,0,2
BRDA:126,30,1,1
BRDA:145,31,0,248
BRDA:145,31,1,246
BRDA:182,32,0,8
BRDA:182,32,1,6
BRF:66
BRH:59
end_of_record
