TN:
SF:src/handler.mjs
FN:29,isBot
FN:34,isPageRequest
FN:43,parseTsvLines
FN:63,processLogFile
FN:92,handler
FN:115,(anonymous_5)
FN:136,(anonymous_6)
FN:139,(anonymous_7)
FN:142,(anonymous_8)
FN:143,(anonymous_9)
FN:170,(anonymous_10)
FN:171,(anonymous_11)
FNF:12
FNH:3
FNDA:24,isBot
FNDA:13,isPageRequest
FNDA:5,parseTsvLines
FNDA:0,processLogFile
FNDA:0,handler
FNDA:0,(anonymous_5)
FNDA:0,(anonymous_6)
FNDA:0,(anonymous_7)
FNDA:0,(anonymous_8)
FNDA:0,(anonymous_9)
FNDA:0,(anonymous_10)
FNDA:0,(anonymous_11)
DA:5,1
DA:6,1
DA:8,1
DA:9,1
DA:10,1
DA:11,1
DA:12,1
DA:13,1
DA:14,1
DA:17,1
DA:20,1
DA:23,1
DA:25,1
DA:27,1
DA:30,24
DA:31,22
DA:35,13
DA:36,12
DA:37,10
DA:38,7
DA:39,5
DA:40,2
DA:44,5
DA:45,5
DA:46,5
DA:47,14
DA:48,13
DA:49,4
DA:50,4
DA:52,9
DA:53,6
DA:54,5
DA:55,5
DA:56,4
DA:57,28
DA:58,4
DA:60,5
DA:64,0
DA:65,0
DA:68,0
DA:69,0
DA:71,0
DA:74,0
DA:75,0
DA:76,0
DA:77,0
DA:78,0
DA:79,0
DA:80,0
DA:82,0
DA:83,0
DA:84,0
DA:86,0
DA:87,0
DA:88,0
DA:93,0
DA:94,0
DA:95,0
DA:96,0
DA:97,0
DA:99,0
DA:100,0
DA:101,0
DA:102,0
DA:103,0
DA:104,0
DA:105,0
DA:106,0
DA:107,0
DA:111,0
DA:112,0
DA:114,0
DA:115,0
DA:116,0
DA:117,0
DA:118,0
DA:120,0
DA:123,0
DA:125,0
DA:126,0
DA:127,0
DA:128,0
DA:129,0
DA:132,0
DA:133,0
DA:136,0
DA:139,0
DA:140,0
DA:142,0
DA:143,0
DA:146,0
DA:147,0
DA:157,0
DA:168,0
DA:170,0
DA:171,0
DA:175,0
DA:176,0
LF:98
LH:37
BRDA:9,0,0,1
BRDA:9,0,1,1
BRDA:30,1,0,2
BRDA:30,1,1,22
BRDA:30,2,0,24
BRDA:30,2,1,23
BRDA:35,3,0,1
BRDA:35,3,1,12
BRDA:36,4,0,2
BRDA:36,4,1,10
BRDA:36,5,0,12
BRDA:36,5,1,3
BRDA:37,6,0,3
BRDA:37,6,1,7
BRDA:38,7,0,2
BRDA:38,7,1,5
BRDA:39,8,0,3
BRDA:39,8,1,2
BRDA:47,9,0,1
BRDA:47,9,1,13
BRDA:48,10,0,4
BRDA:48,10,1,9
BRDA:52,11,0,3
BRDA:52,11,1,6
BRDA:53,12,0,1
BRDA:53,12,1,5
BRDA:55,13,0,1
BRDA:55,13,1,4
BRDA:75,14,0,0
BRDA:75,14,1,0
BRDA:76,15,0,0
BRDA:76,15,1,0
BRDA:77,16,0,0
BRDA:77,16,1,0
BRDA:78,17,0,0
BRDA:78,17,1,0
BRDA:79,18,0,0
BRDA:79,18,1,0
BRDA:80,19,0,0
BRDA:80,19,1,0
BRDA:82,20,0,0
BRDA:82,20,1,0
BRDA:83,21,0,0
BRDA:83,21,1,0
BRDA:84,22,0,0
BRDA:84,22,1,0
BRDA:84,23,0,0
BRDA:84,23,1,0
BRDA:86,24,0,0
BRDA:86,24,1,0
BRDA:88,25,0,0
BRDA:88,25,1,0
BRDA:102,26,0,0
BRDA:102,26,1,0
BRDA:104,27,0,0
BRDA:104,27,1,0
BRDA:106,28,0,0
BRDA:106,28,1,0
BRDA:106,29,0,0
BRDA:106,29,1,0
BRDA:117,30,0,0
BRDA:117,30,1,0
BRDA:136,31,0,0
BRDA:136,31,1,0
BRDA:173,32,0,0
BRDA:173,32,1,0
BRF:66
BRH:28
end_of_record
